<?xml version="1.0" encoding="UTF-8"?>
<testng-results skipped="0" failed="0" total="1" passed="1">
  <reporter-output>
  </reporter-output>
  <suite name="Default suite" duration-ms="203" started-at="2014-09-03T10:55:11Z" finished-at="2014-09-03T10:55:12Z">
    <groups>
    </groups>
    <test name="Default test" duration-ms="203" started-at="2014-09-03T10:55:11Z" finished-at="2014-09-03T10:55:12Z">
      <class name="TestSqlLiteCon.TestSqlLite">
        <test-method status="PASS" signature="intial()[pri:0, instance:TestSqlLiteCon.TestSqlLite@a9ae05]" name="intial" is-config="true" duration-ms="188" started-at="2014-09-03T18:55:11Z" finished-at="2014-09-03T18:55:12Z">
          <reporter-output>
          </reporter-output>
        </test-method> <!-- intial -->
        <test-method status="PASS" signature="testSqlLite()[pri:0, instance:TestSqlLiteCon.TestSqlLite@a9ae05]" name="testSqlLite" duration-ms="15" started-at="2014-09-03T18:55:12Z" finished-at="2014-09-03T18:55:12Z">
          <reporter-output>
          </reporter-output>
        </test-method> <!-- testSqlLite -->
        <test-method status="PASS" signature="quit()[pri:0, instance:TestSqlLiteCon.TestSqlLite@a9ae05]" name="quit" is-config="true" duration-ms="0" started-at="2014-09-03T18:55:12Z" finished-at="2014-09-03T18:55:12Z">
          <reporter-output>
          </reporter-output>
        </test-method> <!-- quit -->
      </class> <!-- TestSqlLiteCon.TestSqlLite -->
    </test> <!-- Default test -->
  </suite> <!-- Default suite -->
</testng-results>
